{"/Users/albert_mini/workspace/projects/kaylafromsd/drprepperusa-kayla-parallel/src/utils/residentialService.ts": {"path":"/Users/albert_mini/workspace/projects/kaylafromsd/drprepperusa-kayla-parallel/src/utils/residentialService.ts","statementMap":{"0":{"start":{"line":39,"column":32},"end":{"line":49,"column":2}},"1":{"start":{"line":55,"column":30},"end":{"line":61,"column":2}},"2":{"start":{"line":92,"column":2},"end":{"line":97,"column":null}},"3":{"start":{"line":93,"column":4},"end":{"line":97,"column":null}},"4":{"start":{"line":99,"column":2},"end":{"line":104,"column":null}},"5":{"start":{"line":100,"column":4},"end":{"line":104,"column":null}},"6":{"start":{"line":108,"column":18},"end":{"line":108,"column":41}},"7":{"start":{"line":109,"column":2},"end":{"line":114,"column":null}},"8":{"start":{"line":110,"column":4},"end":{"line":114,"column":null}},"9":{"start":{"line":118,"column":8},"end":{"line":118,"column":74}},"10":{"start":{"line":119,"column":2},"end":{"line":146,"column":null}},"11":{"start":{"line":120,"column":19},"end":{"line":120,"column":37}},"12":{"start":{"line":122,"column":4},"end":{"line":128,"column":null}},"13":{"start":{"line":123,"column":6},"end":{"line":128,"column":null}},"14":{"start":{"line":131,"column":4},"end":{"line":137,"column":null}},"15":{"start":{"line":132,"column":6},"end":{"line":137,"column":null}},"16":{"start":{"line":141,"column":4},"end":{"line":146,"column":null}},"17":{"start":{"line":150,"column":2},"end":{"line":154,"column":null}},"18":{"start":{"line":166,"column":17},"end":{"line":166,"column":66}},"19":{"start":{"line":167,"column":2},"end":{"line":173,"column":null}},"20":{"start":{"line":181,"column":2},"end":{"line":181,"column":null}},"21":{"start":{"line":181,"column":31},"end":{"line":181,"column":61}}},"fnMap":{"0":{"name":"inferResidential","decl":{"start":{"line":87,"column":16},"end":{"line":87,"column":null}},"loc":{"start":{"line":90,"column":30},"end":{"line":154,"column":null}},"line":90},"1":{"name":"applyResidentialToOrder","decl":{"start":{"line":161,"column":16},"end":{"line":161,"column":40}},"loc":{"start":{"line":165,"column":2},"end":{"line":173,"column":null}},"line":165},"2":{"name":"applyResidentialToOrders","decl":{"start":{"line":180,"column":16},"end":{"line":180,"column":41}},"loc":{"start":{"line":180,"column":73},"end":{"line":181,"column":null}},"line":180},"3":{"name":"(anonymous_3)","decl":{"start":{"line":181,"column":16},"end":{"line":181,"column":21}},"loc":{"start":{"line":181,"column":31},"end":{"line":181,"column":61}},"line":181}},"branchMap":{"0":{"loc":{"start":{"line":92,"column":2},"end":{"line":97,"column":null}},"type":"if","locations":[{"start":{"line":92,"column":2},"end":{"line":97,"column":null}},{"start":{},"end":{}}],"line":92},"1":{"loc":{"start":{"line":99,"column":2},"end":{"line":104,"column":null}},"type":"if","locations":[{"start":{"line":99,"column":2},"end":{"line":104,"column":null}},{"start":{},"end":{}}],"line":99},"2":{"loc":{"start":{"line":109,"column":2},"end":{"line":114,"column":null}},"type":"if","locations":[{"start":{"line":109,"column":2},"end":{"line":114,"column":null}},{"start":{},"end":{}}],"line":109},"3":{"loc":{"start":{"line":109,"column":6},"end":{"line":109,"column":37}},"type":"binary-expr","locations":[{"start":{"line":109,"column":6},"end":{"line":109,"column":17}},{"start":{"line":109,"column":17},"end":{"line":109,"column":37}}],"line":109},"4":{"loc":{"start":{"line":118,"column":18},"end":{"line":118,"column":44}},"type":"binary-expr","locations":[{"start":{"line":118,"column":18},"end":{"line":118,"column":40}},{"start":{"line":118,"column":40},"end":{"line":118,"column":44}}],"line":118},"5":{"loc":{"start":{"line":119,"column":2},"end":{"line":146,"column":null}},"type":"if","locations":[{"start":{"line":119,"column":2},"end":{"line":146,"column":null}},{"start":{},"end":{}}],"line":119},"6":{"loc":{"start":{"line":122,"column":4},"end":{"line":128,"column":null}},"type":"if","locations":[{"start":{"line":122,"column":4},"end":{"line":128,"column":null}},{"start":{},"end":{}}],"line":122},"7":{"loc":{"start":{"line":131,"column":4},"end":{"line":137,"column":null}},"type":"if","locations":[{"start":{"line":131,"column":4},"end":{"line":137,"column":null}},{"start":{},"end":{}}],"line":131}},"s":{"0":1,"1":1,"2":30,"3":3,"4":27,"5":4,"6":23,"7":30,"8":2,"9":21,"10":30,"11":12,"12":12,"13":1,"14":11,"15":3,"16":8,"17":9,"18":9,"19":9,"20":2,"21":5},"f":{"0":30,"1":9,"2":2,"3":5},"b":{"0":[3,27],"1":[4,23],"2":[2,28],"3":[30,2],"4":[21,5],"5":[12,18],"6":[1,11],"7":[3,8]},"meta":{"lastBranch":8,"lastFunction":4,"lastStatement":22,"seen":{"s:39:32:49:2":0,"s:55:30:61:2":1,"f:87:16:87:Infinity":0,"b:92:2:97:Infinity:undefined:undefined:undefined:undefined":0,"s:92:2:97:Infinity":2,"s:93:4:97:Infinity":3,"b:99:2:104:Infinity:undefined:undefined:undefined:undefined":1,"s:99:2:104:Infinity":4,"s:100:4:104:Infinity":5,"s:108:18:108:41":6,"b:109:2:114:Infinity:undefined:undefined:undefined:undefined":2,"s:109:2:114:Infinity":7,"b:109:6:109:17:109:17:109:37":3,"s:110:4:114:Infinity":8,"s:118:8:118:74":9,"b:118:18:118:40:118:40:118:44":4,"b:119:2:146:Infinity:undefined:undefined:undefined:undefined":5,"s:119:2:146:Infinity":10,"s:120:19:120:37":11,"b:122:4:128:Infinity:undefined:undefined:undefined:undefined":6,"s:122:4:128:Infinity":12,"s:123:6:128:Infinity":13,"b:131:4:137:Infinity:undefined:undefined:undefined:undefined":7,"s:131:4:137:Infinity":14,"s:132:6:137:Infinity":15,"s:141:4:146:Infinity":16,"s:150:2:154:Infinity":17,"f:161:16:161:40":1,"s:166:17:166:66":18,"s:167:2:173:Infinity":19,"f:180:16:180:41":2,"s:181:2:181:Infinity":20,"f:181:16:181:21":3,"s:181:31:181:61":21}}}
}
